<?xml version="1.0" encoding="UTF-8"?>
<!-- Generated by org.testng.reporters.JUnitReportReporter -->
<testsuite hostname="DESKTOP-HRT9N47" failures="0" tests="2" name="TestCases.loginTestCases" time="34.825" errors="0" timestamp="2023-09-12T08:34:52 IST" skipped="0">
  <testcase classname="TestCases.loginTestCases" name="varifyValidLogin" time="15.017"/>
  <testcase classname="TestCases.loginTestCases" name="varifyInvalidLogin" time="19.808"/>
</testsuite> <!-- TestCases.loginTestCases -->
