<?xml version="1.0" encoding="UTF-8"?>
<!-- Generated by org.testng.reporters.JUnitReportReporter -->
<testsuite hostname="DESKTOP-HRT9N47" failures="0" tests="1" name="TestCases.MyInfoTestCases" time="107.223" errors="0" timestamp="2023-09-12T08:37:09 IST" skipped="0">
  <testcase classname="TestCases.MyInfoTestCases" name="verifyFillPersonalDetails" time="107.223"/>
</testsuite> <!-- TestCases.MyInfoTestCases -->
