<?xml version="1.0" encoding="UTF-8"?>
<!-- Generated by org.testng.reporters.JUnitReportReporter -->
<testsuite hostname="DESKTOP-HRT9N47" failures="0" tests="3" name="TestCases.loginTestCases" time="45.002" errors="0" timestamp="2023-09-18T08:53:35 IST" skipped="0">
  <testcase classname="TestCases.loginTestCases" name="VerifyIsElementDisplayed" time="8.815"/>
  <testcase classname="TestCases.loginTestCases" name="varifyValidLogin" time="17.551"/>
  <testcase classname="TestCases.loginTestCases" name="varifyInvalidLogin" time="18.636"/>
</testsuite> <!-- TestCases.loginTestCases -->
