<?xml version="1.0" encoding="UTF-8"?>
<!-- Generated by org.testng.reporters.JUnitReportReporter -->
<testsuite hostname="DESKTOP-HRT9N47" failures="0" tests="3" name="TestCases.ForgotYourPasswordTestCase" time="32.402" errors="0" timestamp="2023-09-18T08:53:35 IST" skipped="0">
  <testcase classname="TestCases.ForgotYourPasswordTestCase" name="verifyVisibilityOfwebElement" time="11.367"/>
  <testcase classname="TestCases.ForgotYourPasswordTestCase" name="verifyCancelButton" time="9.352"/>
  <testcase classname="TestCases.ForgotYourPasswordTestCase" name="verifyResetPasswordButton" time="11.683"/>
</testsuite> <!-- TestCases.ForgotYourPasswordTestCase -->
