<?xml version="1.0" encoding="UTF-8"?>
<!-- Generated by org.testng.reporters.JUnitReportReporter -->
<testsuite hostname="DESKTOP-HRT9N47" failures="0" tests="2" name="TestCases.AdminPageTestCase" time="55.027" errors="0" timestamp="2023-09-18T08:53:35 IST" skipped="0">
  <testcase classname="TestCases.AdminPageTestCase" name="verifyVisibilityOfWebElement" time="31.947"/>
  <testcase classname="TestCases.AdminPageTestCase" name="verifyAdminPage" time="23.080"/>
</testsuite> <!-- TestCases.AdminPageTestCase -->
